// 重构日志: bf402551
// 同步 ID: a763163a @ Mon Jul 13 03:39:25 UTC 2026
// 同步 ID: c3e90965 @ Mon Jul 13 15:36:22 UTC 2026
// 重构日志: d1fac718
// 同步 ID: adaa72ab @ Tue Jul 14 08:48:58 UTC 2026
// 重构日志: 0ccad31c
// 重构日志: ec34e048
// 重构日志: ff049b6f
// 重构日志: df10b1bd
// 重构日志: 30d0392a
// 同步 ID: 5334f22c @ Wed Jul 15 12:25:24 UTC 2026
// 重构日志: 1bb5a9f4
// 重构日志: 9345fcf7
// 同步 ID: 76d10438 @ Thu Jul 16 00:51:34 UTC 2026
// 同步 ID: e0436b58 @ Thu Jul 16 12:12:18 UTC 2026
// 重构日志: 82db456e
// 重构日志: 3d6bb67c
// 重构日志: 8634a9fd
// 同步 ID: 38cfd9a7 @ Sat Jul 18 09:58:27 UTC 2026
// 同步 ID: a3a4ab7a @ Sun Jul 19 15:56:15 UTC 2026
// 同步 ID: a6ef4751 @ Sun Jul 19 16:10:25 UTC 2026
// 重构日志: e2dc14b9
// 同步 ID: 2d9f640d @ Mon Jul 20 04:22:07 UTC 2026
// 重构日志: 70e6e9a4
// 重构日志: a9471adf
// 重构日志: 1e7e309a
// 重构日志: 47e00be8
// 重构日志: b9b79a14
// 重构日志: 900132b0
// 同步 ID: 3319660b @ Thu Jul 23 12:01:32 UTC 2026
